<?xml version="1.0" encoding="UTF-8"?>
<testsuite name="com.banistmo.certificacion.runners.CambioLogoBanistmo" tests="0" skipped="0" failures="0" errors="0" timestamp="1970-01-01T00:00:00" hostname="CHMEPGD5KDL3" time="0.0">
  <properties/>
  <system-out><![CDATA[
?[31mFailed scenarios:?[0m
?[31msrc/test/resources/features/cambio_logo_banistmo.feature:11 ?[0m# ejecucion de  cambio de logo en POS S500

8 Scenarios (?[31m1 failed?[0m, ?[32m7 passed?[0m)
24 Steps (?[31m1 failed?[0m, ?[36m2 skipped?[0m, ?[32m21 passed?[0m)
0m14,073s

java.lang.AssertionError
	at org.junit.Assert.fail(Assert.java:86)
	at org.junit.Assert.assertTrue(Assert.java:41)
	at com.banistmo.certificacion.ManualTests.validate(ManualTests.java:23)
	at com.banistmo.certificacion.stepdefinitions.ManualStepDefinitions.stepValidator(ManualStepDefinitions.java:18)
	at ?.a que ingreso a mpos pos csi(src/test/resources/features/cambio_logo_banistmo.feature:8)

]]></system-out>
  <system-err><![CDATA[[Test worker] INFO net.thucydides.core.steps.ConsoleLoggingListener - 

-------------------------------------------------------------------------------------
     _______. _______ .______       _______ .__   __.  __  .___________.____    ____ 
    /       ||   ____||   _  \     |   ____||  \ |  | |  | |           |\   \  /   / 
   |   (----`|  |__   |  |_)  |    |  |__   |   \|  | |  | `---|  |----` \   \/   /  
    \   \    |   __|  |      /     |   __|  |  . `  | |  |     |  |       \_    _/   
.----)   |   |  |____ |  |\  \----.|  |____ |  |\   | |  |     |  |         |  |     
|_______/    |_______|| _| `._____||_______||__| \__| |__|     |__|         |__|    
                                                                                     
 News and tutorials at http://www.serenity-bdd.info                                  
 Documentation at https://wakaleo.gitbooks.io/the-serenity-book/content/             
 Join the Serenity Community on Rocket Chat at https://serenity-bdd.rocket.chat      
 Serenity BDD Support and Training at http://serenity-bdd.info/#/trainingandsupport  
 Learn Serenity BDD online at http://serenity-dojo.com                               
-------------------------------------------------------------------------------------

[Test worker] INFO net.thucydides.core.steps.ConsoleLoggingListener - Test Suite Started: Se realizaran pruebas para ver el  cambio de logo banistmo para Mpos, Pos, Csi.
[Test worker] INFO net.thucydides.core.steps.ConsoleLoggingListener - 
 _____ _____ ____ _____   ____ _____  _    ____ _____ _____ ____  
|_   _| ____/ ___|_   _| / ___|_   _|/ \  |  _ \_   _| ____|  _ \ 
  | | |  _| \___ \ | |   \___ \ | | / _ \ | |_) || | |  _| | | | |
  | | | |___ ___) || |    ___) || |/ ___ \|  _ < | | | |___| |_| |
  |_| |_____|____/ |_|   |____/ |_/_/   \_\_| \_\|_| |_____|____/ 
                                                                  

TEST STARTED: ejecucion de  cambio de logo en POS S500
-------------------------------------------------------------------(se-realizaran-pruebas-para-ver-el--cambio-de-logo-banistmo-para-mpos--pos--csi.;ejecucion-de--cambio-de-logo-en-pos-s500)
[Test worker] INFO net.thucydides.core.steps.ConsoleLoggingListener - 
 _____ _____ ____ _____   ____ _____  _    ____ _____ _____ ____  
|_   _| ____/ ___|_   _| / ___|_   _|/ \  |  _ \_   _| ____|  _ \ 
  | | |  _| \___ \ | |   \___ \ | | / _ \ | |_) || | |  _| | | | |
  | | | |___ ___) || |    ___) || |/ ___ \|  _ < | | | |___| |_| |
  |_| |_____|____/ |_|   |____/ |_/_/   \_\_| \_\|_| |_____|____/ 
                                                                  

TEST STARTED: ejecucion de  cambio de logo en POS S800
-------------------------------------------------------------------(se-realizaran-pruebas-para-ver-el--cambio-de-logo-banistmo-para-mpos--pos--csi.;ejecucion-de--cambio-de-logo-en-pos-s800)
[Test worker] INFO net.thucydides.core.steps.ConsoleLoggingListener - 
 _____ _____ ____ _____   ____ _____  _    ____ _____ _____ ____  
|_   _| ____/ ___|_   _| / ___|_   _|/ \  |  _ \_   _| ____|  _ \ 
  | | |  _| \___ \ | |   \___ \ | | / _ \ | |_) || | |  _| | | | |
  | | | |___ ___) || |    ___) || |/ ___ \|  _ < | | | |___| |_| |
  |_| |_____|____/ |_|   |____/ |_/_/   \_\_| \_\|_| |_____|____/ 
                                                                  

TEST STARTED: ejecucion de  cambio de logo en POS D210
-------------------------------------------------------------------(se-realizaran-pruebas-para-ver-el--cambio-de-logo-banistmo-para-mpos--pos--csi.;ejecucion-de--cambio-de-logo-en-pos-d210)
[Test worker] INFO net.thucydides.core.steps.ConsoleLoggingListener - 
 _____ _____ ____ _____   ____ _____  _    ____ _____ _____ ____  
|_   _| ____/ ___|_   _| / ___|_   _|/ \  |  _ \_   _| ____|  _ \ 
  | | |  _| \___ \ | |   \___ \ | | / _ \ | |_) || | |  _| | | | |
  | | | |___ ___) || |    ___) || |/ ___ \|  _ < | | | |___| |_| |
  |_| |_____|____/ |_|   |____/ |_/_/   \_\_| \_\|_| |_____|____/ 
                                                                  

TEST STARTED: ejecucion de  cambio de logo en POS S900
-------------------------------------------------------------------(se-realizaran-pruebas-para-ver-el--cambio-de-logo-banistmo-para-mpos--pos--csi.;ejecucion-de--cambio-de-logo-en-pos-s900)
[Test worker] INFO net.thucydides.core.steps.ConsoleLoggingListener - 
 _____ _____ ____ _____   ____ _____  _    ____ _____ _____ ____  
|_   _| ____/ ___|_   _| / ___|_   _|/ \  |  _ \_   _| ____|  _ \ 
  | | |  _| \___ \ | |   \___ \ | | / _ \ | |_) || | |  _| | | | |
  | | | |___ ___) || |    ___) || |/ ___ \|  _ < | | | |___| |_| |
  |_| |_____|____/ |_|   |____/ |_/_/   \_\_| \_\|_| |_____|____/ 
                                                                  

TEST STARTED: ejecucion de  cambio de logo en POS S920
-------------------------------------------------------------------(se-realizaran-pruebas-para-ver-el--cambio-de-logo-banistmo-para-mpos--pos--csi.;ejecucion-de--cambio-de-logo-en-pos-s920)
[Test worker] INFO net.thucydides.core.steps.ConsoleLoggingListener - 
 _____ _____ ____ _____   ____ _____  _    ____ _____ _____ ____  
|_   _| ____/ ___|_   _| / ___|_   _|/ \  |  _ \_   _| ____|  _ \ 
  | | |  _| \___ \ | |   \___ \ | | / _ \ | |_) || | |  _| | | | |
  | | | |___ ___) || |    ___) || |/ ___ \|  _ < | | | |___| |_| |
  |_| |_____|____/ |_|   |____/ |_/_/   \_\_| \_\|_| |_____|____/ 
                                                                  

TEST STARTED: ejecucion de  cambio de logo en POS S80
-------------------------------------------------------------------(se-realizaran-pruebas-para-ver-el--cambio-de-logo-banistmo-para-mpos--pos--csi.;ejecucion-de--cambio-de-logo-en-pos-s80)
[Test worker] INFO net.thucydides.core.steps.ConsoleLoggingListener - 
 _____ _____ ____ _____   ____ _____  _    ____ _____ _____ ____  
|_   _| ____/ ___|_   _| / ___|_   _|/ \  |  _ \_   _| ____|  _ \ 
  | | |  _| \___ \ | |   \___ \ | | / _ \ | |_) || | |  _| | | | |
  | | | |___ ___) || |    ___) || |/ ___ \|  _ < | | | |___| |_| |
  |_| |_____|____/ |_|   |____/ |_/_/   \_\_| \_\|_| |_____|____/ 
                                                                  

TEST STARTED: ejecucion de  cambio de logo en POS S90
-------------------------------------------------------------------(se-realizaran-pruebas-para-ver-el--cambio-de-logo-banistmo-para-mpos--pos--csi.;ejecucion-de--cambio-de-logo-en-pos-s90)
[Test worker] INFO net.thucydides.core.steps.ConsoleLoggingListener - 
 _____ _____ ____ _____   ____ _____  _    ____ _____ _____ ____  
|_   _| ____/ ___|_   _| / ___|_   _|/ \  |  _ \_   _| ____|  _ \ 
  | | |  _| \___ \ | |   \___ \ | | / _ \ | |_) || | |  _| | | | |
  | | | |___ ___) || |    ___) || |/ ___ \|  _ < | | | |___| |_| |
  |_| |_____|____/ |_|   |____/ |_/_/   \_\_| \_\|_| |_____|____/ 
                                                                  

TEST STARTED: ejecucion de  cambio de imagen en CSI
-------------------------------------------------------------------(se-realizaran-pruebas-para-ver-el--cambio-de-logo-banistmo-para-mpos--pos--csi.;ejecucion-de--cambio-de-imagen-en-csi)
]]></system-err>
</testsuite>
